<?xml version="1.0" encoding="UTF-8"?>
<!-- Generated by org.testng.reporters.JUnitXMLReporter -->
<testsuite ignored="0" hostname="VLz" failures="0" tests="6" name="Higo ID Test" time="44.148" errors="0" timestamp="2025-12-30T19:43:11 WIB">
  <testcase classname="com.higo.id.tests.HigoHomePageTest" name="testHomePageLoad" time="0.412"/>
  <testcase classname="com.higo.id.tests.HigoHomePageTest" name="testWifiAdvertisingSubMenu" time="3.458"/>
  <testcase classname="com.higo.id.tests.HigoHomePageTest" name="testHigoSpotSubMenu" time="2.443"/>
  <testcase classname="com.higo.id.tests.HigoHomePageTest" name="testIntegratedDigitalAgencySubMenu" time="1.357"/>
  <testcase classname="com.higo.id.tests.HigoHomePageTest" name="testSpecioAiSubMenu" time="3.187"/>
  <testcase classname="com.higo.id.tests.HigoHomePageTest" name="testAboutUsNavigation" time="1.202"/>
</testsuite> <!-- Higo ID Test -->
