<?xml version="1.0" encoding="UTF-8"?>
<!-- Generated by org.testng.reporters.JUnitXMLReporter -->
<testsuite ignored="0" hostname="VLz" failures="1" tests="14" name="Higo ID Test" time="71.496" errors="0" timestamp="2025-12-30T22:49:17 WIB">
  <testcase classname="com.higo.id.tests.HigoHomePageTest" name="testHomePageLoad" time="0.382"/>
  <testcase classname="com.higo.id.tests.HigoHomePageTest" name="testWifiAdvertisingSubMenu" time="1.085"/>
  <testcase classname="com.higo.id.tests.HigoHomePageTest" name="testHigoSpotSubMenu" time="1.545"/>
  <testcase classname="com.higo.id.tests.HigoHomePageTest" name="testIntegratedDigitalAgencySubMenu" time="0.858"/>
  <testcase classname="com.higo.id.tests.HigoHomePageTest" name="testSpecioAiSubMenu" time="2.601"/>
  <testcase classname="com.higo.id.tests.HigoHomePageTest" name="testAboutUsNavigation" time="0.728"/>
  <testcase classname="com.higo.id.tests.HigoHomePageTest" name="testStudyCaseNavigation" time="5.092"/>
  <testcase classname="com.higo.id.tests.HigoHomePageTest" name="testBlogNavigation" time="1.047"/>
  <testcase classname="com.higo.id.tests.HigoBlogTest" name="testBlogCategoriesFilter" time="2.594"/>
  <testcase classname="com.higo.id.tests.HigoBlogTest" name="testBlogAllFilter" time="2.58"/>
  <testcase classname="com.higo.id.tests.HigoStudyCaseTest" name="testHigoSpotStudyCaseDetail" time="6.137">
    <failure type="java.lang.AssertionError" message="Header image is not displayed on the Study Case detail page for Candi Borobudur expected [true] but found [false]">
      <![CDATA[java.lang.AssertionError: Header image is not displayed on the Study Case detail page for Candi Borobudur expected [true] but found [false]
at com.higo.id.tests.HigoStudyCaseTest.testHigoSpotStudyCaseDetail(HigoStudyCaseTest.java:35)
at java.base/java.util.ArrayList.forEach(ArrayList.java:1596)
... Removed 32 stack frames]]>
    </failure>
  </testcase> <!-- testHigoSpotStudyCaseDetail -->
  <testcase classname="com.higo.id.tests.HigoStudyCaseTest" name="testIdeafestStudyCaseDetail" time="6.167"/>
  <testcase classname="com.higo.id.tests.HigoContactTest" name="testContactFormNegative" time="1.546"/>
  <testcase classname="com.higo.id.tests.HigoContactTest" name="testContactFormPositive" time="2.108"/>
</testsuite> <!-- Higo ID Test -->
