<?xml version="1.0" encoding="UTF-8"?>
<testng-results ignored="0" total="2" passed="2" failed="0" skipped="0">
  <reporter-output>
  </reporter-output>
  <suite started-at="2025-12-30T22:29:55 WIB" name="HigoTest" finished-at="2025-12-30T22:30:06 WIB" duration-ms="11423">
    <groups>
    </groups>
    <test started-at="2025-12-30T22:29:55 WIB" name="Higo ID Test" finished-at="2025-12-30T22:30:06 WIB" duration-ms="11423">
      <class name="com.higo.id.tests.HigoContactTest">
        <test-method is-config="true" signature="setup(java.lang.String)[pri:0, instance:com.higo.id.tests.HigoContactTest@7c729a55]" started-at="2025-12-30T22:29:55 WIB" name="setup" finished-at="2025-12-30T22:29:58 WIB" duration-ms="3222" status="PASS">
          <params>
            <param index="0">
              <value>
                <![CDATA[https://higo.id]]>
              </value>
            </param>
          </params>
          <reporter-output>
          </reporter-output>
        </test-method> <!-- setup -->
        <test-method is-config="true" signature="setupPage()[pri:0, instance:com.higo.id.tests.HigoContactTest@7c729a55]" started-at="2025-12-30T22:29:58 WIB" name="setupPage" finished-at="2025-12-30T22:29:58 WIB" duration-ms="124" status="PASS">
          <reporter-output>
          </reporter-output>
        </test-method> <!-- setupPage -->
        <test-method signature="testContactFormNegative()[pri:0, instance:com.higo.id.tests.HigoContactTest@7c729a55]" started-at="2025-12-30T22:29:58 WIB" name="testContactFormNegative" finished-at="2025-12-30T22:30:00 WIB" duration-ms="1833" status="PASS">
          <reporter-output>
          </reporter-output>
        </test-method> <!-- testContactFormNegative -->
        <test-method is-config="true" signature="teardown()[pri:0, instance:com.higo.id.tests.HigoContactTest@7c729a55]" started-at="2025-12-30T22:30:00 WIB" name="teardown" finished-at="2025-12-30T22:30:00 WIB" duration-ms="277" status="PASS">
          <reporter-output>
          </reporter-output>
        </test-method> <!-- teardown -->
        <test-method is-config="true" signature="setup(java.lang.String)[pri:0, instance:com.higo.id.tests.HigoContactTest@7c729a55]" started-at="2025-12-30T22:30:00 WIB" name="setup" finished-at="2025-12-30T22:30:02 WIB" duration-ms="1818" status="PASS">
          <params>
            <param index="0">
              <value>
                <![CDATA[https://higo.id]]>
              </value>
            </param>
          </params>
          <reporter-output>
          </reporter-output>
        </test-method> <!-- setup -->
        <test-method is-config="true" signature="setupPage()[pri:0, instance:com.higo.id.tests.HigoContactTest@7c729a55]" started-at="2025-12-30T22:30:02 WIB" name="setupPage" finished-at="2025-12-30T22:30:02 WIB" duration-ms="271" status="PASS">
          <reporter-output>
          </reporter-output>
        </test-method> <!-- setupPage -->
        <test-method signature="testContactFormPositive()[pri:0, instance:com.higo.id.tests.HigoContactTest@7c729a55]" started-at="2025-12-30T22:30:02 WIB" name="testContactFormPositive" finished-at="2025-12-30T22:30:05 WIB" duration-ms="2548" status="PASS">
          <reporter-output>
          </reporter-output>
        </test-method> <!-- testContactFormPositive -->
        <test-method is-config="true" signature="teardown()[pri:0, instance:com.higo.id.tests.HigoContactTest@7c729a55]" started-at="2025-12-30T22:30:05 WIB" name="teardown" finished-at="2025-12-30T22:30:06 WIB" duration-ms="1283" status="PASS">
          <reporter-output>
          </reporter-output>
        </test-method> <!-- teardown -->
      </class> <!-- com.higo.id.tests.HigoContactTest -->
    </test> <!-- Higo ID Test -->
  </suite> <!-- HigoTest -->
</testng-results>
