<?xml version="1.0" encoding="UTF-8"?>
<!-- Generated by org.testng.reporters.JUnitReportReporter -->
<testsuite hostname="VLz" failures="0" tests="2" name="com.higo.id.tests.HigoBlogTest" time="8.649" errors="0" timestamp="2025-12-30T22:49:17 WIB" skipped="0">
  <testcase classname="com.higo.id.tests.HigoBlogTest" name="testBlogCategoriesFilter" time="4.363"/>
  <testcase classname="com.higo.id.tests.HigoBlogTest" name="testBlogAllFilter" time="4.286"/>
</testsuite> <!-- com.higo.id.tests.HigoBlogTest -->
