<?xml version="1.0" encoding="UTF-8"?>
<!-- Generated by org.testng.reporters.JUnitReportReporter -->
<testsuite hostname="VLz" failures="0" tests="2" name="com.higo.id.tests.HigoContactTest" time="9.595" errors="0" timestamp="2025-12-30T22:49:17 WIB" skipped="0">
  <testcase classname="com.higo.id.tests.HigoContactTest" name="testContactFormPositive" time="5.006"/>
  <testcase classname="com.higo.id.tests.HigoContactTest" name="testContactFormNegative" time="4.589"/>
</testsuite> <!-- com.higo.id.tests.HigoContactTest -->
