<?xml version="1.0" encoding="UTF-8"?>
<!-- Generated by org.testng.reporters.JUnitReportReporter -->
<testsuite hostname="VLz" failures="0" tests="2" name="com.higo.id.tests.HigoContactTest" time="11.376" errors="0" timestamp="2025-12-30T22:30:07 WIB" skipped="0">
  <testcase classname="com.higo.id.tests.HigoContactTest" name="testContactFormNegative" time="4.199"/>
  <testcase classname="com.higo.id.tests.HigoContactTest" name="testContactFormPositive" time="7.177"/>
</testsuite> <!-- com.higo.id.tests.HigoContactTest -->
