<?xml version="1.0" encoding="UTF-8"?>
<!-- Generated by org.testng.reporters.JUnitReportReporter -->
<testsuite hostname="VLz" failures="0" tests="8" name="com.higo.id.tests.HigoHomePageTest" time="37.487" errors="0" timestamp="2025-12-30T22:49:17 WIB" skipped="0">
  <testcase classname="com.higo.id.tests.HigoHomePageTest" name="testHomePageLoad" time="5.447"/>
  <testcase classname="com.higo.id.tests.HigoHomePageTest" name="testWifiAdvertisingSubMenu" time="3.828"/>
  <testcase classname="com.higo.id.tests.HigoHomePageTest" name="testHigoSpotSubMenu" time="4.253"/>
  <testcase classname="com.higo.id.tests.HigoHomePageTest" name="testIntegratedDigitalAgencySubMenu" time="3.581"/>
  <testcase classname="com.higo.id.tests.HigoHomePageTest" name="testSpecioAiSubMenu" time="5.361"/>
  <testcase classname="com.higo.id.tests.HigoHomePageTest" name="testAboutUsNavigation" time="3.346"/>
  <testcase classname="com.higo.id.tests.HigoHomePageTest" name="testStudyCaseNavigation" time="7.829"/>
  <testcase classname="com.higo.id.tests.HigoHomePageTest" name="testBlogNavigation" time="3.842"/>
</testsuite> <!-- com.higo.id.tests.HigoHomePageTest -->
