<?xml version="1.0" encoding="UTF-8"?>
<!-- Generated by org.testng.reporters.JUnitReportReporter -->
<testsuite hostname="VLz" failures="0" tests="6" name="com.higo.id.tests.HigoHomePageTest" time="44.093" errors="0" timestamp="2025-12-30T19:43:11 WIB" skipped="0">
  <testcase classname="com.higo.id.tests.HigoHomePageTest" name="testHomePageLoad" time="3.820"/>
  <testcase classname="com.higo.id.tests.HigoHomePageTest" name="testWifiAdvertisingSubMenu" time="6.721"/>
  <testcase classname="com.higo.id.tests.HigoHomePageTest" name="testHigoSpotSubMenu" time="14.490"/>
  <testcase classname="com.higo.id.tests.HigoHomePageTest" name="testIntegratedDigitalAgencySubMenu" time="7.102"/>
  <testcase classname="com.higo.id.tests.HigoHomePageTest" name="testSpecioAiSubMenu" time="6.354"/>
  <testcase classname="com.higo.id.tests.HigoHomePageTest" name="testAboutUsNavigation" time="5.606"/>
</testsuite> <!-- com.higo.id.tests.HigoHomePageTest -->
